Arguments: 
  /usr/bin/node /usr/share/yarn/bin/yarn.js add express consign, body-parser, express-validator, cors

PATH: 
  /home/matheus/.rbenv/shims:/home/matheus/.rbenv/bin:/home/matheus/miniconda3/bin:/home/matheus/google-cloud-sdk/bin:/home/matheus/.rbenv/shims:/home/matheus/.rbenv/bin:/home/matheus/miniconda3/bin:/usr/local/bin:/usr/bin:/bin:/usr/local/games:/usr/games:/usr/local/go/bin:/home/matheus/work/bin:/home/matheus/Android/Sdk/tools:/home/matheus/Android/Sdk/platform-tools:/home/matheus/Android/Sdk/tools:/home/matheus/Android/Sdk/platform-tools

Yarn version: 
  1.21.1

Node version: 
  8.17.0

Platform: 
  linux x64

Trace: 
  Error: https://registry.yarnpkg.com/consign,: Not found
      at Request.params.callback [as _callback] (/usr/share/yarn/lib/cli.js:66947:18)
      at Request.self.callback (/usr/share/yarn/lib/cli.js:140665:22)
      at emitTwo (events.js:126:13)
      at Request.emit (events.js:214:7)
      at Request.<anonymous> (/usr/share/yarn/lib/cli.js:141637:10)
      at emitOne (events.js:116:13)
      at Request.emit (events.js:211:7)
      at IncomingMessage.<anonymous> (/usr/share/yarn/lib/cli.js:141559:12)
      at Object.onceWrapper (events.js:313:30)
      at emitNone (events.js:111:20)

npm manifest: 
  {
    "name": "nodee",
    "version": "1.0.0",
    "description": "",
    "main": "index.js",
    "scripts": {
      "test": "echo \"Error: no test specified\" && exit 1"
    },
    "keywords": [],
    "author": "",
    "license": "ISC"
  }

yarn manifest: 
  No manifest

Lockfile: 
  No lockfile
